<?xml version="1.0" encoding="UTF-8"?>
<!-- Generated by org.testng.reporters.JUnitXMLReporter -->
<testsuite ignored="0" hostname="Mohamed-M" failures="1" tests="1" name="Validate Title" time="17.151" errors="0" timestamp="19 Jul 2022 07:07:36 GMT">
  <testcase classname="Selenium.validateTitle" name="baseNavigationPage" time="15.065">
    <failure type="java.lang.AssertionError" message="expected [FEATURED COURSES123] but found [FEATURED COURSES]">
      <![CDATA[java.lang.AssertionError: expected [FEATURED COURSES123] but found [FEATURED COURSES]
	at Selenium.validateTitle.baseNavigationPage(validateTitle.java:37)
... Removed 31 stack frames]]>
    </failure>
  </testcase> <!-- baseNavigationPage -->
</testsuite> <!-- Validate Title -->
